<?xml version="1.0" encoding="utf-8"?><testsuites name="pytest tests"><testsuite name="pytest" errors="0" failures="1" skipped="0" tests="8" time="5.292" timestamp="2026-08-11T02:49:14.438704+00:00" hostname="agent-env-00ec9001-7ef6-4d76-b279-277be4424fb3"><testcase classname="tests.test_auth_flow" name="test_live_root_ok" time="0.212" /><testcase classname="tests.test_auth_flow" name="test_live_me_unauthenticated" time="0.112" /><testcase classname="tests.test_auth_flow" name="test_live_session_invalid_id_returns_401" time="0.178" /><testcase classname="tests.test_auth_flow" name="test_session_invalid_returns_401" time="0.003" /><testcase classname="tests.test_auth_flow" name="test_session_provider_unreachable_returns_502" time="0.002" /><testcase classname="tests.test_auth_flow" name="test_session_wrong_email_returns_403_with_details" time="0.002"><failure message="AssertionError: detail should contain 'Detectamos:' substring so Bryan can see which google account was used; got 'Acceso restringido. Este lounge privado es solo para Bryan.'&#10;assert 'Detectamos:' in 'Acceso restringido. Este lounge privado es solo para Bryan.'">backend/tests/test_auth_flow.py:165: in test_session_wrong_email_returns_403_with_details
    assert "Detectamos:" in detail, (
E   AssertionError: detail should contain 'Detectamos:' substring so Bryan can see which google account was used; got 'Acceso restringido. Este lounge privado es solo para Bryan.'
E   assert 'Detectamos:' in 'Acceso restringido. Este lounge privado es solo para Bryan.'</failure></testcase><testcase classname="tests.test_auth_flow" name="test_session_correct_email_returns_200_and_me_works" time="0.010" /><testcase classname="tests.test_auth_flow" name="test_session_email_case_insensitive" time="0.008" /></testsuite></testsuites>