<?xml version="1.0" encoding="utf-8"?><testsuites name="pytest tests"><testsuite name="pytest" errors="0" failures="0" skipped="0" tests="9" time="4.273" timestamp="2026-08-11T03:17:44.218282+00:00" hostname="agent-env-00ec9001-7ef6-4d76-b279-277be4424fb3"><testcase classname="tests.test_voice_ambient" name="test_voices_list_returns_five" time="0.611" /><testcase classname="tests.test_voice_ambient" name="test_set_voice_persists" time="0.108" /><testcase classname="tests.test_voice_ambient" name="test_set_voice_unknown_400" time="0.052" /><testcase classname="tests.test_voice_ambient" name="test_set_voice_unauth_401" time="0.105" /><testcase classname="tests.test_voice_ambient" name="test_speak_uses_persisted_voice" time="1.055" /><testcase classname="tests.test_voice_ambient" name="test_ensure_ambient_first_call_starts" time="0.829" /><testcase classname="tests.test_voice_ambient" name="test_ensure_ambient_second_call_idempotent" time="0.047" /><testcase classname="tests.test_voice_ambient" name="test_ensure_ambient_with_seeded_done_returns_started_false" time="0.422" /><testcase classname="tests.test_voice_ambient" name="test_ensure_ambient_unauth_401" time="0.525" /></testsuite></testsuites>