<?xml version="1.0" encoding="utf-8"?><testsuites name="pytest tests"><testsuite name="pytest" errors="0" failures="1" skipped="0" tests="12" time="56.835" timestamp="2026-08-11T03:55:48.241670+00:00" hostname="agent-env-00ec9001-7ef6-4d76-b279-277be4424fb3"><testcase classname="tests.test_stt" name="test_stt_unauth" time="53.178" /><testcase classname="tests.test_stt" name="test_stt_missing_file" time="0.247" /><testcase classname="tests.test_stt" name="test_stt_too_short" time="0.108" /><testcase classname="tests.test_stt" name="test_stt_real_roundtrip_via_elevenlabs" time="1.482" /><testcase classname="tests.test_stt" name="test_ambient_prompt_source_contains_full_body" time="0.001" /><testcase classname="tests.test_stt" name="test_ensure_ambient" time="0.207"><failure message="assert True is False">backend/tests/test_stt.py:115: in test_ensure_ambient
    assert r2.json()["started"] is False
E   assert True is False</failure></testcase><testcase classname="tests.test_stt" name="test_tts_voices" time="0.096" /><testcase classname="tests.test_stt" name="test_tts_voice_get" time="0.097" /><testcase classname="tests.test_stt" name="test_whatsapp_config" time="0.100" /><testcase classname="tests.test_stt" name="test_whatsapp_call_missing_config" time="0.134" /><testcase classname="tests.test_stt" name="test_auth_session_detectamos" time="0.194" /><testcase classname="tests.test_stt" name="test_auth_me" time="0.102" /></testsuite></testsuites>