<?xml version="1.0" encoding="utf-8"?><testsuites name="pytest tests"><testsuite name="pytest" errors="0" failures="0" skipped="0" tests="7" time="2.708" timestamp="2026-08-11T03:08:39.924482+00:00" hostname="agent-env-00ec9001-7ef6-4d76-b279-277be4424fb3"><testcase classname="tests.test_tts_did" name="test_did_config_returns_configured_false_and_keys" time="0.251" /><testcase classname="tests.test_tts_did" name="test_did_config_unauthenticated" time="0.104" /><testcase classname="tests.test_tts_did" name="test_tts_config_configured_true" time="0.105" /><testcase classname="tests.test_tts_did" name="test_tts_config_unauthenticated" time="0.094" /><testcase classname="tests.test_tts_did" name="test_tts_speak_returns_audio_mpeg" time="0.843" /><testcase classname="tests.test_tts_did" name="test_tts_speak_empty_text_returns_400" time="0.114" /><testcase classname="tests.test_tts_did" name="test_tts_speak_unauthenticated" time="0.102" /></testsuite></testsuites>