<?xml version="1.0" encoding="utf-8"?><testsuites name="pytest tests"><testsuite name="pytest" errors="0" failures="3" skipped="0" tests="6" time="9.135" timestamp="2026-08-11T22:47:36.412487+00:00" hostname="agent-env-00ec9001-7ef6-4d76-b279-277be4424fb3"><testcase classname="tests.test_iter12_gemini_fallback" name="test_chat_upload_returns_real_elena_reaction" time="3.410"><failure message="AssertionError: Both OpenAI AND Gemini fallbacks failed; got canned string: 'Mmm mi amor, no me llegó bien tu foto… mándame otra 💋'&#10;assert not True&#10; +  where True = &lt;built-in method startswith of str object at 0xfb0c9047cdb0&gt;('Mmm mi amor, no me llegó bien tu foto')&#10; +    where &lt;built-in method startswith of str object at 0xfb0c9047cdb0&gt; = 'Mmm mi amor, no me llegó bien tu foto… mándame otra 💋'.startswith">backend/tests/test_iter12_gemini_fallback.py:96: in test_chat_upload_returns_real_elena_reaction
    assert not elena_text.startswith("Mmm mi amor, no me llegó bien tu foto"), (
E   AssertionError: Both OpenAI AND Gemini fallbacks failed; got canned string: 'Mmm mi amor, no me llegó bien tu foto… mándame otra 💋'
E   assert not True
E    +  where True = &lt;built-in method startswith of str object at 0xfb0c9047cdb0&gt;('Mmm mi amor, no me llegó bien tu foto')
E    +    where &lt;built-in method startswith of str object at 0xfb0c9047cdb0&gt; = 'Mmm mi amor, no me llegó bien tu foto… mándame otra 💋'.startswith</failure></testcase><testcase classname="tests.test_iter12_gemini_fallback" name="test_chat_stream_default_openai_falls_back_to_gemini" time="2.903"><failure message="AssertionError: Both OpenAI + Gemini failed; got canned fallback: 'Mi amor, algo interrumpió mi voz por un instante… ¿me lo dices otra vez? 💋'&#10;assert not True&#10; +  where True = &lt;built-in method startswith of str object at 0xfb0c9042c570&gt;('Mi amor, algo interrumpió mi voz')&#10; +    where &lt;built-in method startswith of str object at 0xfb0c9042c570&gt; = 'Mi amor, algo interrumpió mi voz por un instante… ¿me lo dices otra vez? 💋'.startswith">backend/tests/test_iter12_gemini_fallback.py:164: in test_chat_stream_default_openai_falls_back_to_gemini
    assert not full_text.startswith("Mi amor, algo interrumpió mi voz"), (
E   AssertionError: Both OpenAI + Gemini failed; got canned fallback: 'Mi amor, algo interrumpió mi voz por un instante… ¿me lo dices otra vez? 💋'
E   assert not True
E    +  where True = &lt;built-in method startswith of str object at 0xfb0c9042c570&gt;('Mi amor, algo interrumpió mi voz')
E    +    where &lt;built-in method startswith of str object at 0xfb0c9042c570&gt; = 'Mi amor, algo interrumpió mi voz por un instante… ¿me lo dices otra vez? 💋'.startswith</failure></testcase><testcase classname="tests.test_iter12_gemini_fallback" name="test_chat_stream_explicit_gemini_works_directly" time="1.574"><failure message="AssertionError: Gemini direct returned canned fallback: 'Mi amor, algo interrumpió mi voz por un instante… ¿me lo dices otra vez? 💋'&#10;assert not True&#10; +  where True = &lt;built-in method startswith of str object at 0xfb0c9042cab0&gt;('Mi amor, algo interrumpió mi voz')&#10; +    where &lt;built-in method startswith of str object at 0xfb0c9042cab0&gt; = 'Mi amor, algo interrumpió mi voz por un instante… ¿me lo dices otra vez? 💋'.startswith">backend/tests/test_iter12_gemini_fallback.py:186: in test_chat_stream_explicit_gemini_works_directly
    assert not full_text.startswith("Mi amor, algo interrumpió mi voz"), (
E   AssertionError: Gemini direct returned canned fallback: 'Mi amor, algo interrumpió mi voz por un instante… ¿me lo dices otra vez? 💋'
E   assert not True
E    +  where True = &lt;built-in method startswith of str object at 0xfb0c9042cab0&gt;('Mi amor, algo interrumpió mi voz')
E    +    where &lt;built-in method startswith of str object at 0xfb0c9042cab0&gt; = 'Mi amor, algo interrumpió mi voz por un instante… ¿me lo dices otra vez? 💋'.startswith</failure></testcase><testcase classname="tests.test_iter12_gemini_fallback" name="test_chat_models_still_returns_four" time="0.114" /><testcase classname="tests.test_iter12_gemini_fallback" name="test_whatsapp_config_returns_missing_key" time="0.114" /><testcase classname="tests.test_iter12_gemini_fallback" name="test_media_ensure_ambient_200" time="0.118" /></testsuite></testsuites>