<?xml version="1.0" encoding="utf-8"?><testsuites name="pytest tests"><testsuite name="pytest" errors="0" failures="1" skipped="0" tests="11" time="7.812" timestamp="2026-08-11T22:42:09.907147+00:00" hostname="agent-env-00ec9001-7ef6-4d76-b279-277be4424fb3"><testcase classname="tests.test_iter11_codereview" name="test_root_ok" time="0.182" /><testcase classname="tests.test_iter11_codereview" name="test_auth_me" time="0.149" /><testcase classname="tests.test_iter11_codereview" name="test_chat_models_4_incl_auto" time="0.110" /><testcase classname="tests.test_iter11_codereview" name="test_tts_config_and_voices" time="0.219" /><testcase classname="tests.test_iter11_codereview" name="test_whatsapp_config_missing" time="0.109" /><testcase classname="tests.test_iter11_codereview" name="test_ambient_ensure" time="0.133" /><testcase classname="tests.test_iter11_codereview" name="test_storage_serve_no_auth_401" time="0.121" /><testcase classname="tests.test_iter11_codereview" name="test_storage_serve_not_found_404" time="0.557" /><testcase classname="tests.test_iter11_codereview" name="test_storage_serve_200_valid" time="2.189"><failure message="AssertionError: Expected real Elena reaction, got fallback: 'Mmm mi amor, no me llegó bien tu foto… mándame otra 💋'&#10;assert not True&#10; +  where True = &lt;built-in method startswith of str object at 0xfdec12a88db0&gt;('Mmm mi amor, no me llegó bien tu foto')&#10; +    where &lt;built-in method startswith of str object at 0xfdec12a88db0&gt; = 'Mmm mi amor, no me llegó bien tu foto… mándame otra 💋'.startswith">E   AssertionError: Expected real Elena reaction, got fallback: 'Mmm mi amor, no me llegó bien tu foto… mándame otra 💋'
    assert not True
     +  where True = &lt;built-in method startswith of str object at 0xfdec12a88db0&gt;('Mmm mi amor, no me llegó bien tu foto')
     +    where &lt;built-in method startswith of str object at 0xfdec12a88db0&gt; = 'Mmm mi amor, no me llegó bien tu foto… mándame otra 💋'.startswith</failure></testcase><testcase classname="tests.test_iter11_codereview" name="test_chat_stream[gemini-gemini-3-flash-preview]" time="1.595" /><testcase classname="tests.test_iter11_codereview" name="test_chat_stream[openai-gpt-5.4]" time="1.623" /></testsuite></testsuites>