<?xml version="1.0" encoding="utf-8"?><testsuites name="pytest tests"><testsuite name="pytest" errors="0" failures="0" skipped="1" tests="11" time="7.698" timestamp="2026-08-11T18:56:52.738979+00:00" hostname="agent-env-00ec9001-7ef6-4d76-b279-277be4424fb3"><testcase classname="tests.test_upload_storage_auto" name="test_models_has_auto_first" time="0.210" /><testcase classname="tests.test_upload_storage_auto" name="test_set_model_auto" time="0.125" /><testcase classname="tests.test_upload_storage_auto" name="test_stream_auto_short" time="1.780" /><testcase classname="tests.test_upload_storage_auto" name="test_stream_auto_long" time="1.607" /><testcase classname="tests.test_upload_storage_auto" name="test_upload_requires_auth" time="0.116" /><testcase classname="tests.test_upload_storage_auto" name="test_upload_missing_file" time="0.125" /><testcase classname="tests.test_upload_storage_auto" name="test_upload_rejects_non_image" time="0.111" /><testcase classname="tests.test_upload_storage_auto" name="test_upload_happy_path" time="1.928" /><testcase classname="tests.test_upload_storage_auto" name="test_storage_requires_auth" time="0.217" /><testcase classname="tests.test_upload_storage_auto" name="test_storage_serves_image" time="0.331" /><testcase classname="tests.test_upload_storage_auto" name="test_storage_serves_media_job_file" time="0.003"><skipped type="pytest.skip" message="Storage put failed (env missing?): EMERGENT_LLM_KEY missing — cannot init storage.">/app/backend/tests/test_upload_storage_auto.py:240: Storage put failed (env missing?): EMERGENT_LLM_KEY missing — cannot init storage.</skipped></testcase></testsuite></testsuites>