<?xml version="1.0" encoding="utf-8"?><testsuites name="pytest tests"><testsuite name="pytest" errors="0" failures="0" skipped="0" tests="8" time="6.595" timestamp="2026-08-11T04:19:39.520968+00:00" hostname="agent-env-00ec9001-7ef6-4d76-b279-277be4424fb3"><testcase classname="tests.test_chat_models" name="test_models_requires_auth" time="0.226" /><testcase classname="tests.test_chat_models" name="test_models_shape" time="0.134" /><testcase classname="tests.test_chat_models" name="test_set_model_requires_auth" time="0.097" /><testcase classname="tests.test_chat_models" name="test_set_model_invalid_combo" time="0.101" /><testcase classname="tests.test_chat_models" name="test_set_model_persists_and_get_reflects" time="0.244" /><testcase classname="tests.test_chat_models" name="test_stream_with_gemini_flash" time="2.186" /><testcase classname="tests.test_chat_models" name="test_stream_regression_openai_gpt54" time="1.670" /><testcase classname="tests.test_chat_models" name="test_non_stream_message_with_gemini" time="1.805" /></testsuite></testsuites>