<?xml version="1.0" encoding="utf-8"?><testsuites name="pytest tests"><testsuite name="pytest" errors="0" failures="0" skipped="0" tests="7" time="3.745" timestamp="2026-08-11T03:28:44.522756+00:00" hostname="agent-env-00ec9001-7ef6-4d76-b279-277be4424fb3"><testcase classname="tests.test_whatsapp" name="test_wa_config_unauthenticated" time="0.262" /><testcase classname="tests.test_whatsapp" name="test_wa_config_authenticated_reports_missing" time="0.117" /><testcase classname="tests.test_whatsapp" name="test_wa_call_unauthenticated" time="0.111" /><testcase classname="tests.test_whatsapp" name="test_wa_call_authenticated_but_missing_config" time="0.116" /><testcase classname="tests.test_whatsapp" name="test_wa_call_configured_fires_upstream_and_returns_response" time="1.622" /><testcase classname="tests.test_whatsapp" name="test_wa_call_configured_defaults_to_bryan_when_to_number_omitted" time="0.028" /><testcase classname="tests.test_whatsapp" name="test_wa_call_configured_but_no_to_number_and_no_bryan" time="0.032" /></testsuite></testsuites>