<?xml version="1.0" encoding="utf-8"?><testsuites name="pytest tests"><testsuite name="pytest" errors="0" failures="0" skipped="0" tests="8" time="11.390" timestamp="2026-08-10T22:16:29.433070+00:00" hostname="agent-env-00ec9001-7ef6-4d76-b279-277be4424fb3"><testcase classname="tests.test_elena_api" name="test_root" time="0.311" /><testcase classname="tests.test_elena_api" name="test_me_unauthenticated" time="0.160" /><testcase classname="tests.test_elena_api" name="test_session_invalid_id" time="0.228" /><testcase classname="tests.test_elena_api" name="test_me_with_seeded_token" time="0.167" /><testcase classname="tests.test_elena_api" name="test_chat_message_and_history" time="7.604" /><testcase classname="tests.test_elena_api" name="test_chat_clear" time="0.281" /><testcase classname="tests.test_elena_api" name="test_chat_stream_unauthenticated" time="0.119" /><testcase classname="tests.test_elena_api" name="test_chat_stream_sse_flow" time="1.805" /></testsuite></testsuites>